/*
 * Copyright (C) 2023 PostGraphDB 
 *
 * This program is free software: you can redistribute it and/or modify
 * it under the terms of the GNU Affero General Public License as
 * published by the Free Software Foundation, either version 3 of the
 * License, or (at your option) any later version.
 *
 * This program is distributed in the hope that it will be useful,
 * but WITHOUT ANY WARRANTY; without even the implied warranty of
 * MERCHANTABILITY or FITNESS FOR A PARTICULAR PURPOSE.  See the
 * GNU Affero General Public License for more details.
 *
 * You should have received a copy of the GNU Affero General Public License
 * along with this program.  If not, see <https://www.gnu.org/licenses/>.
 */
LOAD 'postgraph';
SET search_path TO postgraph;
SELECT create_graph('cypher_call');
NOTICE:  graph "cypher_call" has been created
 create_graph 
--------------
 
(1 row)

--
-- Create table to hold the start and end vertices to test the SRF
--
SELECT *
FROM cypher('cypher_call', $$
    CALL sin(1) as a RETURN a
$$) AS (a gtype);
         a          
--------------------
 0.8414709848078965
(1 row)

SELECT *
FROM cypher('cypher_call', $$
    CALL sin(1) as b RETURN b
$$) AS (a gtype);
         a          
--------------------
 0.8414709848078965
(1 row)

SELECT *
FROM cypher('cypher_call', $$
    WITH [1, 2, 3, 4, 5, 6, 7, 8, 9, 10] as lst
    CALL unnest(lst) as b 
    RETURN b
$$) AS (a gtype);
 a  
----
 1
 2
 3
 4
 5
 6
 7
 8
 9
 10
(10 rows)

SELECT *
FROM cypher('cypher_call', $$
    WITH [1, 2, 3, 4, 5, 6, 7, 8, 9, 10] as lst
    CALL unnest(lst) as b WHERE b % 2 = 0
    RETURN b
$$) AS (a gtype);
 a  
----
 2
 4
 6
 8
 10
(5 rows)

SELECT *
FROM cypher('cypher_call', $$
    CALL unnest([1, 2, 3, 4, 5, 6, 7, 8, 9, 10]) as b
    RETURN b
$$) AS (a gtype);
 a  
----
 1
 2
 3
 4
 5
 6
 7
 8
 9
 10
(10 rows)

SELECT *
FROM cypher('cypher_call', $$
    CALL pg_catalog.generate_series(1, 2, 3)
$$) AS (a gtype);
ERROR:  syntax error at or near "."
LINE 3:     CALL pg_catalog.generate_series(1, 2, 3)
                           ^
SELECT *
FROM cypher('cypher_call', $$
    MATCH (n)
    CALL this_isnt_a_real_function(1, 2, 3)
$$) AS (a gtype);
ERROR:  syntax error at end of input
LINE 5: $$) AS (a gtype);
        ^
SELECT *
FROM cypher('cypher_call', $$
    CALL { RETURN 1 }
    RETURN 2
$$) AS (a gtype);
 a 
---
 2
(1 row)

SELECT *
FROM cypher('cypher_call', $$
    CALL { RETURN 1 as a }
    RETURN a
$$) AS (a gtype); 
 a 
---
 1
(1 row)

SELECT *
FROM cypher('cypher_call', $$
    CALL { CREATE (n) }
    RETURN n
$$) AS (a gtype);
ERROR:  Call Cypher Subquery must end with a RETURN
LINE 2: FROM cypher('cypher_call', $$
                                    ^
SELECT *
FROM cypher('cypher_call', $$
    CALL { CREATE (n) RETURN n as n }
    RETURN n
$$) AS (a vertex);
                           a                            
--------------------------------------------------------
 {"id": 281474976710657, "label": "", "properties": {}}
(1 row)

--
-- Clean up
--
SELECT drop_graph('cypher_call', true);
NOTICE:  drop cascades to 2 other objects
DETAIL:  drop cascades to table cypher_call._ag_label_vertex
drop cascades to table cypher_call._ag_label_edge
NOTICE:  graph "cypher_call" has been dropped
 drop_graph 
------------
 
(1 row)

--
-- End
--
