/*
 * Copyright (C) 2023 PostGraphDB
 *
 * This program is free software: you can redistribute it and/or modify
 * it under the terms of the GNU Affero General Public License as
 * published by the Free Software Foundation, either version 3 of the
 * License, or (at your option) any later version.
 *
 * This program is distributed in the hope that it will be useful,
 * but WITHOUT ANY WARRANTY; without even the implied warranty of
 * MERCHANTABILITY or FITNESS FOR A PARTICULAR PURPOSE.  See the
 * GNU Affero General Public License for more details.
 *
 * You should have received a copy of the GNU Affero General Public License
 * along with this program.  If not, see <https://www.gnu.org/licenses/>.
 *
 */
LOAD 'postgraph';
SET search_path TO postgraph;
SELECT create_graph('traversal');
NOTICE:  graph "traversal" has been created
 create_graph 
--------------
 
(1 row)

SELECT create_vlabel('traversal', 'vlabel');
NOTICE:  VLabel "vlabel" has been created
 create_vlabel 
---------------
 
(1 row)

SELECT create_vlabel('traversal', 'elabel');
NOTICE:  VLabel "elabel" has been created
 create_vlabel 
---------------
 
(1 row)

--Basic Route Creation
SELECT build_traversal(
	build_vertex(_graphid(3, 2), graphid, gtype_build_map()),
	build_edge(_graphid(4, 1), '2'::graphid, '3'::graphid,  graphid, gtype_build_map()),
	build_vertex(_graphid(3, 3),  graphid, gtype_build_map())
)
FROM ag_graph;
                                                                                                     build_traversal                                                                                                     
-------------------------------------------------------------------------------------------------------------------------------------------------------------------------------------------------------------------------
 [{"id": 844424930131970, "label": "vlabel", "properties": {}}, {"id": 1125899906842625, "start_id": 2, "end_id": 3, "label": "elabel", "properties": {}}, {"id": 844424930131971, "label": "vlabel", "properties": {}}]
(1 row)

SELECT build_traversal(
        build_vertex(_graphid(3, 2), graphid, gtype_build_map()),
        build_edge(_graphid(4, 1), '2'::graphid, '3'::graphid,  graphid, gtype_build_map()),
        build_vertex(_graphid(3, 3), graphid, gtype_build_map()),
	build_edge(_graphid(4, 4), '3'::graphid, '5'::graphid,  graphid, gtype_build_map()),
        build_vertex(_graphid(3, 5),  graphid, gtype_build_map())
)
FROM ag_graph;
                                                                                                                                                                                 build_traversal                                                                                                                                                                                  
----------------------------------------------------------------------------------------------------------------------------------------------------------------------------------------------------------------------------------------------------------------------------------------------------------------------------------------------------------------------------------
 [{"id": 844424930131970, "label": "vlabel", "properties": {}}, {"id": 1125899906842625, "start_id": 2, "end_id": 3, "label": "elabel", "properties": {}}, {"id": 844424930131971, "label": "vlabel", "properties": {}}, {"id": 1125899906842628, "start_id": 3, "end_id": 5, "label": "elabel", "properties": {}}, {"id": 844424930131973, "label": "vlabel", "properties": {}}]
(1 row)

SELECT build_traversal(
        build_vertex(_graphid(3, 2), graphid, gtype_build_map()),
        build_edge(_graphid(4, 1), '2'::graphid, '3'::graphid,  graphid, gtype_build_map()),
        build_vertex(_graphid(3, 3), graphid, gtype_build_map()),
        build_vertex(_graphid(3, 5),  graphid, gtype_build_map())
)
FROM ag_graph;
ERROR:  arguement 3 build_traversal() must be an edge
SELECT build_traversal(
        build_vertex(_graphid(3, 2), graphid, gtype_build_map()),
        build_edge(_graphid(4, 1), '2'::graphid, '3'::graphid,  graphid, gtype_build_map()),
        build_edge(_graphid(4, 4), '3'::graphid, '5'::graphid,  graphid, gtype_build_map()),
        build_vertex(_graphid(3, 5),  graphid, gtype_build_map())
)
FROM ag_graph;
ERROR:  arguement 2 build_traversal() must be a vertex
SELECT build_traversal(
        build_vertex(_graphid(3, 2), graphid, gtype_build_map()),
        build_edge(_graphid(4, 1), '2'::graphid, '3'::graphid,  graphid, gtype_build_map()),
        build_vertex(_graphid(3, 3), graphid, gtype_build_map()),
        NULL,
        build_vertex(_graphid(3, 5),  graphid, gtype_build_map())
)
FROM ag_graph;
 build_traversal 
-----------------
 
(1 row)

SELECT build_traversal(
        build_vertex(_graphid(3, 2), graphid, gtype_build_map()),
        build_traversal(
		build_edge(_graphid(4, 1), '2'::graphid, '3'::graphid,  graphid, gtype_build_map())
	),
        build_vertex(_graphid(3, 3),  graphid, gtype_build_map())
)
FROM ag_graph;
ERROR:  arguement 0 build_traversal() must be a vertex
SELECT build_traversal(
        build_vertex(_graphid(3, 2), graphid, gtype_build_map()),
        build_traversal(
            build_edge(_graphid(4, 1), '2'::graphid, '3'::graphid,  graphid, gtype_build_map()),
            build_vertex(_graphid(3, 3), graphid, gtype_build_map()),
            build_edge(_graphid(4, 4), '3'::graphid, '5'::graphid,  graphid, gtype_build_map())
        ),
        build_vertex(_graphid(3, 3),  graphid, gtype_build_map())
)
FROM ag_graph;
ERROR:  arguement 0 build_traversal() must be a vertex
--
-- Equals Operator
--
SELECT build_traversal(
        build_vertex(_graphid(3, 2), graphid, gtype_build_map()),
        build_edge(_graphid(4, 1), '2'::graphid, '3'::graphid,  graphid, gtype_build_map()),
        build_vertex(_graphid(3, 3),  graphid, gtype_build_map())
) =
build_traversal(
        build_vertex(_graphid(3, 2), graphid, gtype_build_map()),
        build_edge(_graphid(4, 1), '2'::graphid, '3'::graphid,  graphid, gtype_build_map()),
        build_vertex(_graphid(3, 3),  graphid, gtype_build_map())
)
FROM ag_graph;
 ?column? 
----------
 t
(1 row)

SELECT build_traversal(
        build_vertex(_graphid(3, 2), graphid, gtype_build_map()),
        build_edge(_graphid(4, 1), '2'::graphid, '3'::graphid,  graphid, gtype_build_map()),
        build_vertex(_graphid(3, 3),  graphid, gtype_build_map())
) =
build_traversal(
        build_vertex(_graphid(3, 2), graphid, gtype_build_map()),
        build_edge(_graphid(4, 1), '2'::graphid, '3'::graphid,  graphid, gtype_build_map()),
        build_vertex(_graphid(3, 3),  graphid, gtype_build_map()),
        build_edge(_graphid(4, 4), '3'::graphid, '5'::graphid,  graphid, gtype_build_map()),
        build_vertex(_graphid(3, 5),  graphid, gtype_build_map())
)
FROM ag_graph;
 ?column? 
----------
 f
(1 row)

SELECT build_traversal(
        build_vertex(_graphid(3, 4), graphid, gtype_build_map()),
        build_edge(_graphid(4, 1), '2'::graphid, '3'::graphid,  graphid, gtype_build_map()),
        build_vertex(_graphid(3, 3),  graphid, gtype_build_map())
) =
build_traversal(
        build_vertex(_graphid(3, 2), graphid, gtype_build_map()),
        build_edge(_graphid(4, 1), '2'::graphid, '3'::graphid,  graphid, gtype_build_map()),
        build_vertex(_graphid(3, 3),  graphid, gtype_build_map())
)
FROM ag_graph;
 ?column? 
----------
 t
(1 row)

SELECT build_traversal(
        build_vertex(_graphid(3, 2), graphid, gtype_build_map()),
        build_edge(_graphid(4, 1), '2'::graphid, '3'::graphid,  graphid, gtype_build_map()),
        build_vertex(_graphid(3, 3),  graphid, gtype_build_map())
) =
build_traversal(
        build_vertex(_graphid(3, 2), graphid, gtype_build_map()),
        build_edge(_graphid(4, 2), '2'::graphid, '3'::graphid,  graphid, gtype_build_map()),
        build_vertex(_graphid(3, 3),  graphid, gtype_build_map())
)
FROM ag_graph;
 ?column? 
----------
 t
(1 row)

SELECT build_traversal(
        build_vertex(_graphid(3, 2), graphid, gtype_build_map()),
        build_edge(_graphid(4, 1), '2'::graphid, '3'::graphid,  graphid, gtype_build_map()),
        build_vertex(_graphid(3, 5),  graphid, gtype_build_map())
) =
build_traversal(
        build_vertex(_graphid(3, 2), graphid, gtype_build_map()),
        build_edge(_graphid(4, 1), '2'::graphid, '3'::graphid,  graphid, gtype_build_map()),
        build_vertex(_graphid(3, 3),  graphid, gtype_build_map())
)
FROM ag_graph;
 ?column? 
----------
 t
(1 row)

SELECT build_traversal(
        build_vertex(_graphid(3, 2), graphid, gtype_build_map()),
        build_edge(_graphid(4, 1), '2'::graphid, '3'::graphid,  graphid, gtype_build_map()),
        build_vertex(_graphid(3, 3),  graphid, gtype_build_map())
) =
build_traversal(
        build_vertex(_graphid(3, 2), graphid, gtype_build_map()),
        build_edge(_graphid(4, 1), '2'::graphid, '3'::graphid,  graphid, gtype_build_map()),
        build_vertex(_graphid(3, 3),  graphid, gtype_build_map())
)
FROM ag_graph;
 ?column? 
----------
 t
(1 row)

--
-- Not Equals Operator
--
SELECT build_traversal(
        build_vertex(_graphid(3, 2), graphid, gtype_build_map()),
        build_edge(_graphid(4, 1), '2'::graphid, '3'::graphid,  graphid, gtype_build_map()),
        build_vertex(_graphid(3, 3),  graphid, gtype_build_map())
) <>
build_traversal(
        build_vertex(_graphid(3, 2), graphid, gtype_build_map()),
        build_edge(_graphid(4, 1), '2'::graphid, '3'::graphid,  graphid, gtype_build_map()),
        build_vertex(_graphid(3, 3),  graphid, gtype_build_map())
)
FROM ag_graph;
 ?column? 
----------
 f
(1 row)

SELECT build_traversal(
        build_vertex(_graphid(3, 2), graphid, gtype_build_map()),
        build_edge(_graphid(4, 1), '2'::graphid, '3'::graphid,  graphid, gtype_build_map()),
        build_vertex(_graphid(3, 3),  graphid, gtype_build_map())
) <>
build_traversal(
        build_vertex(_graphid(3, 2), graphid, gtype_build_map()),
        build_edge(_graphid(4, 1), '2'::graphid, '3'::graphid,  graphid, gtype_build_map()),
        build_vertex(_graphid(3, 3),  graphid, gtype_build_map()),
        build_edge(_graphid(4, 4), '3'::graphid, '5'::graphid,  graphid, gtype_build_map()),
        build_vertex(_graphid(3, 5),  graphid, gtype_build_map())
)
FROM ag_graph;
 ?column? 
----------
 t
(1 row)

SELECT build_traversal(
        build_vertex(_graphid(3, 4), graphid, gtype_build_map()),
        build_edge(_graphid(4, 1), '2'::graphid, '3'::graphid,  graphid, gtype_build_map()),
        build_vertex(_graphid(3, 3),  graphid, gtype_build_map())
) <>
build_traversal(
        build_vertex(_graphid(3, 2), graphid, gtype_build_map()),
        build_edge(_graphid(4, 1), '2'::graphid, '3'::graphid,  graphid, gtype_build_map()),
        build_vertex(_graphid(3, 3),  graphid, gtype_build_map())
)
FROM ag_graph;
 ?column? 
----------
 f
(1 row)

SELECT build_traversal(
        build_vertex(_graphid(3, 2), graphid, gtype_build_map()),
        build_edge(_graphid(4, 1), '2'::graphid, '3'::graphid,  graphid, gtype_build_map()),
        build_vertex(_graphid(3, 3),  graphid, gtype_build_map())
) <>
build_traversal(
        build_vertex(_graphid(3, 2), graphid, gtype_build_map()),
        build_edge(_graphid(4, 2), '2'::graphid, '3'::graphid,  graphid, gtype_build_map()),
        build_vertex(_graphid(3, 3),  graphid, gtype_build_map())
)
FROM ag_graph;
 ?column? 
----------
 f
(1 row)

SELECT build_traversal(
        build_vertex(_graphid(3, 2), graphid, gtype_build_map()),
        build_edge(_graphid(4, 1), '2'::graphid, '3'::graphid,  graphid, gtype_build_map()),
        build_vertex(_graphid(3, 5),  graphid, gtype_build_map())
) <>
build_traversal(
        build_vertex(_graphid(3, 2), graphid, gtype_build_map()),
        build_edge(_graphid(4, 1), '2'::graphid, '3'::graphid,  graphid, gtype_build_map()),
        build_vertex(_graphid(3, 3),  graphid, gtype_build_map())
)
FROM ag_graph;
 ?column? 
----------
 f
(1 row)

SELECT build_traversal(
        build_vertex(_graphid(3, 2), graphid, gtype_build_map()),
        build_edge(_graphid(4, 1), '2'::graphid, '3'::graphid,  graphid, gtype_build_map()),
        build_vertex(_graphid(3, 3),  graphid, gtype_build_map())
) <>
build_traversal(
        build_vertex(_graphid(3, 2), graphid, gtype_build_map()),
        build_edge(_graphid(4, 1), '2'::graphid, '3'::graphid,  graphid, gtype_build_map()),
        build_vertex(_graphid(3, 3),  graphid, gtype_build_map())
)
FROM ag_graph;
 ?column? 
----------
 f
(1 row)

--
-- Greater Than Operator
--
SELECT build_traversal(
        build_vertex(_graphid(3, 2), graphid, gtype_build_map()),
        build_edge(_graphid(4, 1), '2'::graphid, '3'::graphid,  graphid, gtype_build_map()),
        build_vertex(_graphid(3, 3),  graphid, gtype_build_map())
) >
build_traversal(
        build_vertex(_graphid(3, 2), graphid, gtype_build_map()),
        build_edge(_graphid(4, 1), '2'::graphid, '3'::graphid,  graphid, gtype_build_map()),
        build_vertex(_graphid(3, 3),  graphid, gtype_build_map())
)
FROM ag_graph;
 ?column? 
----------
 f
(1 row)

SELECT build_traversal(
        build_vertex(_graphid(3, 2), graphid, gtype_build_map()),
        build_edge(_graphid(4, 1), '2'::graphid, '3'::graphid,  graphid, gtype_build_map()),
        build_vertex(_graphid(3, 3),  graphid, gtype_build_map())
) >
build_traversal(
        build_vertex(_graphid(3, 2), graphid, gtype_build_map()),
        build_edge(_graphid(4, 1), '2'::graphid, '3'::graphid,  graphid, gtype_build_map()),
        build_vertex(_graphid(3, 3),  graphid, gtype_build_map()),
        build_edge(_graphid(4, 4), '3'::graphid, '5'::graphid,  graphid, gtype_build_map()),
        build_vertex(_graphid(3, 5),  graphid, gtype_build_map())
)
FROM ag_graph;
 ?column? 
----------
 f
(1 row)

SELECT build_traversal(
        build_vertex(_graphid(3, 4), graphid, gtype_build_map()),
        build_edge(_graphid(4, 1), '2'::graphid, '3'::graphid,  graphid, gtype_build_map()),
        build_vertex(_graphid(3, 3),  graphid, gtype_build_map())
) >
build_traversal(
        build_vertex(_graphid(3, 2), graphid, gtype_build_map()),
        build_edge(_graphid(4, 1), '2'::graphid, '3'::graphid,  graphid, gtype_build_map()),
        build_vertex(_graphid(3, 3),  graphid, gtype_build_map())
)
FROM ag_graph;
 ?column? 
----------
 f
(1 row)

SELECT build_traversal(
        build_vertex(_graphid(3, 2), graphid, gtype_build_map()),
        build_edge(_graphid(4, 1), '2'::graphid, '3'::graphid,  graphid, gtype_build_map()),
        build_vertex(_graphid(3, 3),  graphid, gtype_build_map())
) >
build_traversal(
        build_vertex(_graphid(3, 2), graphid, gtype_build_map()),
        build_edge(_graphid(4, 2), '2'::graphid, '3'::graphid,  graphid, gtype_build_map()),
        build_vertex(_graphid(3, 3),  graphid, gtype_build_map())
)
FROM ag_graph;
 ?column? 
----------
 f
(1 row)

SELECT build_traversal(
        build_vertex(_graphid(3, 2), graphid, gtype_build_map()),
        build_edge(_graphid(4, 1), '2'::graphid, '3'::graphid,  graphid, gtype_build_map()),
        build_vertex(_graphid(3, 5),  graphid, gtype_build_map())
) >
build_traversal(
        build_vertex(_graphid(3, 2), graphid, gtype_build_map()),
        build_edge(_graphid(4, 1), '2'::graphid, '3'::graphid,  graphid, gtype_build_map()),
        build_vertex(_graphid(3, 3),  graphid, gtype_build_map())
)
FROM ag_graph;
 ?column? 
----------
 f
(1 row)

SELECT build_traversal(
        build_vertex(_graphid(3, 2), graphid, gtype_build_map()),
        build_edge(_graphid(4, 1), '2'::graphid, '3'::graphid,  graphid, gtype_build_map()),
        build_vertex(_graphid(3, 3),  graphid, gtype_build_map())
) >
build_traversal(
        build_vertex(_graphid(3, 2), graphid, gtype_build_map()),
        build_edge(_graphid(4, 1), '2'::graphid, '3'::graphid,  graphid, gtype_build_map()),
        build_vertex(_graphid(3, 3),  graphid, gtype_build_map())
)
FROM ag_graph;
 ?column? 
----------
 f
(1 row)

--
-- Greater Than Or Equals To Operator
--
SELECT build_traversal(
        build_vertex(_graphid(3, 2), graphid, gtype_build_map()),
        build_edge(_graphid(4, 1), '2'::graphid, '3'::graphid,  graphid, gtype_build_map()),
        build_vertex(_graphid(3, 3),  graphid, gtype_build_map())
) >=
build_traversal(
        build_vertex(_graphid(3, 2), graphid, gtype_build_map()),
        build_edge(_graphid(4, 1), '2'::graphid, '3'::graphid,  graphid, gtype_build_map()),
        build_vertex(_graphid(3, 3),  graphid, gtype_build_map())
)
FROM ag_graph;
 ?column? 
----------
 t
(1 row)

SELECT build_traversal(
        build_vertex(_graphid(3, 2), graphid, gtype_build_map()),
        build_edge(_graphid(4, 1), '2'::graphid, '3'::graphid,  graphid, gtype_build_map()),
        build_vertex(_graphid(3, 3),  graphid, gtype_build_map())
) >=
build_traversal(
        build_vertex(_graphid(3, 2), graphid, gtype_build_map()),
        build_edge(_graphid(4, 1), '2'::graphid, '3'::graphid,  graphid, gtype_build_map()),
        build_vertex(_graphid(3, 3),  graphid, gtype_build_map()),
        build_edge(_graphid(4, 4), '3'::graphid, '5'::graphid,  graphid, gtype_build_map()),
        build_vertex(_graphid(3, 5),  graphid, gtype_build_map())
)
FROM ag_graph;
 ?column? 
----------
 f
(1 row)

SELECT build_traversal(
        build_vertex(_graphid(3, 4), graphid, gtype_build_map()),
        build_edge(_graphid(4, 1), '2'::graphid, '3'::graphid,  graphid, gtype_build_map()),
        build_vertex(_graphid(3, 3),  graphid, gtype_build_map())
) >=
build_traversal(
        build_vertex(_graphid(3, 2), graphid, gtype_build_map()),
        build_edge(_graphid(4, 1), '2'::graphid, '3'::graphid,  graphid, gtype_build_map()),
        build_vertex(_graphid(3, 3),  graphid, gtype_build_map())
)
FROM ag_graph;
 ?column? 
----------
 t
(1 row)

SELECT build_traversal(
        build_vertex(_graphid(3, 2), graphid, gtype_build_map()),
        build_edge(_graphid(4, 1), '2'::graphid, '3'::graphid,  graphid, gtype_build_map()),
        build_vertex(_graphid(3, 3),  graphid, gtype_build_map())
) >=
build_traversal(
        build_vertex(_graphid(3, 2), graphid, gtype_build_map()),
        build_edge(_graphid(4, 2), '2'::graphid, '3'::graphid,  graphid, gtype_build_map()),
        build_vertex(_graphid(3, 3),  graphid, gtype_build_map())
)
FROM ag_graph;
 ?column? 
----------
 t
(1 row)

SELECT build_traversal(
        build_vertex(_graphid(3, 2), graphid, gtype_build_map()),
        build_edge(_graphid(4, 1), '2'::graphid, '3'::graphid,  graphid, gtype_build_map()),
        build_vertex(_graphid(3, 5),  graphid, gtype_build_map())
) >=
build_traversal(
        build_vertex(_graphid(3, 2), graphid, gtype_build_map()),
        build_edge(_graphid(4, 1), '2'::graphid, '3'::graphid,  graphid, gtype_build_map()),
        build_vertex(_graphid(3, 3),  graphid, gtype_build_map())
)
FROM ag_graph;
 ?column? 
----------
 t
(1 row)

SELECT build_traversal(
        build_vertex(_graphid(3, 2), graphid, gtype_build_map()),
        build_edge(_graphid(4, 1), '2'::graphid, '3'::graphid,  graphid, gtype_build_map()),
        build_vertex(_graphid(3, 3),  graphid, gtype_build_map())
) >=
build_traversal(
        build_vertex(_graphid(3, 2), graphid, gtype_build_map()),
        build_edge(_graphid(4, 1), '2'::graphid, '3'::graphid,  graphid, gtype_build_map()),
        build_vertex(_graphid(3, 3),  graphid, gtype_build_map())
)
FROM ag_graph;
 ?column? 
----------
 t
(1 row)

--
-- Less Than Operator
--
SELECT build_traversal(
        build_vertex(_graphid(3, 2), graphid, gtype_build_map()),
        build_edge(_graphid(4, 1), '2'::graphid, '3'::graphid,  graphid, gtype_build_map()),
        build_vertex(_graphid(3, 3),  graphid, gtype_build_map())
) <
build_traversal(
        build_vertex(_graphid(3, 2), graphid, gtype_build_map()),
        build_edge(_graphid(4, 1), '2'::graphid, '3'::graphid,  graphid, gtype_build_map()),
        build_vertex(_graphid(3, 3),  graphid, gtype_build_map())
)
FROM ag_graph;
 ?column? 
----------
 f
(1 row)

SELECT build_traversal(
        build_vertex(_graphid(3, 2), graphid, gtype_build_map()),
        build_edge(_graphid(4, 1), '2'::graphid, '3'::graphid,  graphid, gtype_build_map()),
        build_vertex(_graphid(3, 3),  graphid, gtype_build_map())
) < 
build_traversal(
        build_vertex(_graphid(3, 2), graphid, gtype_build_map()),
        build_edge(_graphid(4, 1), '2'::graphid, '3'::graphid,  graphid, gtype_build_map()),
        build_vertex(_graphid(3, 3),  graphid, gtype_build_map()),
        build_edge(_graphid(4, 4), '3'::graphid, '5'::graphid,  graphid, gtype_build_map()),
        build_vertex(_graphid(3, 5),  graphid, gtype_build_map())
)
FROM ag_graph;
 ?column? 
----------
 t
(1 row)

SELECT build_traversal(
        build_vertex(_graphid(3, 4), graphid, gtype_build_map()),
        build_edge(_graphid(4, 1), '2'::graphid, '3'::graphid,  graphid, gtype_build_map()),
        build_vertex(_graphid(3, 3),  graphid, gtype_build_map())
) <
build_traversal(
        build_vertex(_graphid(3, 2), graphid, gtype_build_map()),
        build_edge(_graphid(4, 1), '2'::graphid, '3'::graphid,  graphid, gtype_build_map()),
        build_vertex(_graphid(3, 3),  graphid, gtype_build_map())
)
FROM ag_graph;
 ?column? 
----------
 f
(1 row)

SELECT build_traversal(
        build_vertex(_graphid(3, 2), graphid, gtype_build_map()),
        build_edge(_graphid(4, 1), '2'::graphid, '3'::graphid,  graphid, gtype_build_map()),
        build_vertex(_graphid(3, 3),  graphid, gtype_build_map())
) < 
build_traversal(
        build_vertex(_graphid(3, 2), graphid, gtype_build_map()),
        build_edge(_graphid(4, 2), '2'::graphid, '3'::graphid,  graphid, gtype_build_map()),
        build_vertex(_graphid(3, 3),  graphid, gtype_build_map())
)
FROM ag_graph;
 ?column? 
----------
 f
(1 row)

SELECT build_traversal(
        build_vertex(_graphid(3, 2), graphid, gtype_build_map()),
        build_edge(_graphid(4, 1), '2'::graphid, '3'::graphid,  graphid, gtype_build_map()),
        build_vertex(_graphid(3, 5),  graphid, gtype_build_map())
) <
build_traversal(
        build_vertex(_graphid(3, 2), graphid, gtype_build_map()),
        build_edge(_graphid(4, 1), '2'::graphid, '3'::graphid,  graphid, gtype_build_map()),
        build_vertex(_graphid(3, 3),  graphid, gtype_build_map())
)
FROM ag_graph;
 ?column? 
----------
 f
(1 row)

SELECT build_traversal(
        build_vertex(_graphid(3, 2), graphid, gtype_build_map()),
        build_edge(_graphid(4, 1), '2'::graphid, '3'::graphid,  graphid, gtype_build_map()),
        build_vertex(_graphid(3, 3),  graphid, gtype_build_map())
) <
build_traversal(
        build_vertex(_graphid(3, 2), graphid, gtype_build_map()),
        build_edge(_graphid(4, 1), '2'::graphid, '3'::graphid,  graphid, gtype_build_map()),
        build_vertex(_graphid(3, 3),  graphid, gtype_build_map())
)
FROM ag_graph;
 ?column? 
----------
 f
(1 row)

--
-- Less Than Or Equals To Operator
--
SELECT build_traversal(
        build_vertex(_graphid(3, 2), graphid, gtype_build_map()),
        build_edge(_graphid(4, 1), '2'::graphid, '3'::graphid,  graphid, gtype_build_map()),
        build_vertex(_graphid(3, 3),  graphid, gtype_build_map())
) <=
build_traversal(
        build_vertex(_graphid(3, 2), graphid, gtype_build_map()),
        build_edge(_graphid(4, 1), '2'::graphid, '3'::graphid,  graphid, gtype_build_map()),
        build_vertex(_graphid(3, 3),  graphid, gtype_build_map())
)
FROM ag_graph;
 ?column? 
----------
 t
(1 row)

SELECT build_traversal(
        build_vertex(_graphid(3, 2), graphid, gtype_build_map()),
        build_edge(_graphid(4, 1), '2'::graphid, '3'::graphid,  graphid, gtype_build_map()),
        build_vertex(_graphid(3, 3),  graphid, gtype_build_map())
) <=
build_traversal(
        build_vertex(_graphid(3, 2), graphid, gtype_build_map()),
        build_edge(_graphid(4, 1), '2'::graphid, '3'::graphid,  graphid, gtype_build_map()),
        build_vertex(_graphid(3, 3),  graphid, gtype_build_map()),
        build_edge(_graphid(4, 4), '3'::graphid, '5'::graphid,  graphid, gtype_build_map()),
        build_vertex(_graphid(3, 5),  graphid, gtype_build_map())
)
FROM ag_graph;
 ?column? 
----------
 t
(1 row)

SELECT build_traversal(
        build_vertex(_graphid(3, 4), graphid, gtype_build_map()),
        build_edge(_graphid(4, 1), '2'::graphid, '3'::graphid,  graphid, gtype_build_map()),
        build_vertex(_graphid(3, 3),  graphid, gtype_build_map())
) <=
build_traversal(
        build_vertex(_graphid(3, 2), graphid, gtype_build_map()),
        build_edge(_graphid(4, 1), '2'::graphid, '3'::graphid,  graphid, gtype_build_map()),
        build_vertex(_graphid(3, 3),  graphid, gtype_build_map())
)
FROM ag_graph;
 ?column? 
----------
 t
(1 row)

SELECT build_traversal(
        build_vertex(_graphid(3, 2), graphid, gtype_build_map()),
        build_edge(_graphid(4, 1), '2'::graphid, '3'::graphid,  graphid, gtype_build_map()),
        build_vertex(_graphid(3, 3),  graphid, gtype_build_map())
) <=
build_traversal(
        build_vertex(_graphid(3, 2), graphid, gtype_build_map()),
        build_edge(_graphid(4, 2), '2'::graphid, '3'::graphid,  graphid, gtype_build_map()),
        build_vertex(_graphid(3, 3),  graphid, gtype_build_map())
)
FROM ag_graph;
 ?column? 
----------
 t
(1 row)

SELECT build_traversal(
        build_vertex(_graphid(3, 2), graphid, gtype_build_map()),
        build_edge(_graphid(4, 1), '2'::graphid, '3'::graphid,  graphid, gtype_build_map()),
        build_vertex(_graphid(3, 5),  graphid, gtype_build_map())
) <=
build_traversal(
        build_vertex(_graphid(3, 2), graphid, gtype_build_map()),
        build_edge(_graphid(4, 1), '2'::graphid, '3'::graphid,  graphid, gtype_build_map()),
        build_vertex(_graphid(3, 3),  graphid, gtype_build_map())
)
FROM ag_graph;
 ?column? 
----------
 t
(1 row)

SELECT build_traversal(
        build_vertex(_graphid(3, 2), graphid, gtype_build_map()),
        build_edge(_graphid(4, 1), '2'::graphid, '3'::graphid,  graphid, gtype_build_map()),
        build_vertex(_graphid(3, 3),  graphid, gtype_build_map())
) <=
build_traversal(
        build_vertex(_graphid(3, 2), graphid, gtype_build_map()),
        build_edge(_graphid(4, 1), '2'::graphid, '3'::graphid,  graphid, gtype_build_map()),
        build_vertex(_graphid(3, 3),  graphid, gtype_build_map())
)
FROM ag_graph;
 ?column? 
----------
 t
(1 row)

SELECT drop_graph('traversal', true);
NOTICE:  drop cascades to 4 other objects
DETAIL:  drop cascades to table traversal._ag_label_vertex
drop cascades to table traversal._ag_label_edge
drop cascades to table traversal.vlabel
drop cascades to table traversal.elabel
NOTICE:  graph "traversal" has been dropped
 drop_graph 
------------
 
(1 row)

