/*
 * Copyright (C) 2023-2024 PostGraphDB
 *
 * This program is free software: you can redistribute it and/or modify
 * it under the terms of the GNU Affero General Public License as
 * published by the Free Software Foundation, either version 3 of the
 * License, or (at your option) any later version.
 *
 * This program is distributed in the hope that it will be useful,
 * but WITHOUT ANY WARRANTY; without even the implied warranty of
 * MERCHANTABILITY or FITNESS FOR A PARTICULAR PURPOSE.  See the
 * GNU Affero General Public License for more details.
 *
 * You should have received a copy of the GNU Affero General Public License
 * along with this program.  If not, see <https://www.gnu.org/licenses/>.
 *
 * Portions Copyright (c) 2020-2023, Apache Software Foundation
 * Portions Copyright (c) 2019-2020, Bitnine Global
 */ 
LOAD 'postgraph';
SET search_path TO postgraph;
CREATE GRAPH lists;
NOTICE:  graph "lists" has been created
 create_graph 
--------------
 
(1 row)

USE GRAPH lists;
 use_graph 
-----------
 
(1 row)

--
-- list literal
--
-- empty list
RETURN [];
 ?column? 
----------
 []
(1 row)

-- list of scalar values
RETURN ['str', 1, 1.0, true, null] ;
          ?column?           
-----------------------------
 ["str", 1, 1.0, true, null]
(1 row)

-- nested lists
RETURN [['str'], [1, [1.0], [[true]]], null] ;
               ?column?                
---------------------------------------
 [["str"], [1, [1.0], [[true]]], null]
(1 row)

--list concatenation
RETURN ['str', 1, 1.0] + [true, null];
          ?column?           
-----------------------------
 ["str", 1, 1.0, true, null]
(1 row)

-- IN
RETURN 1 IN ['str', 1, 1.0, true, null];
ERROR:  syntax error at or near "["
LINE 1: RETURN 1 IN ['str', 1, 1.0, true, null];
                    ^
RETURN 'str' IN ['str', 1, 1.0, true, null];
ERROR:  syntax error at or near "["
LINE 1: RETURN 'str' IN ['str', 1, 1.0, true, null];
                        ^
RETURN 1.0 IN ['str', 1, 1.0, true, null];
ERROR:  syntax error at or near "["
LINE 1: RETURN 1.0 IN ['str', 1, 1.0, true, null];
                      ^
RETURN true IN ['str', 1, 1.0, true, null];
ERROR:  syntax error at or near "["
LINE 1: RETURN true IN ['str', 1, 1.0, true, null];
                       ^
RETURN [1,3,5,[2,4,6]] IN ['str', 1, 1.0, true, null, [1,3,5,[2,4,6]]];
ERROR:  syntax error at or near "["
LINE 1: RETURN [1,3,5,[2,4,6]] IN ['str', 1, 1.0, true, null, [1,3,5...
                                  ^
RETURN {bool: true, int: 1} IN ['str', 1, 1.0, true, null, {bool: true, int: 1}, [1,3,5,[2,4,6]]];
ERROR:  syntax error at or near "["
LINE 1: RETURN {bool: true, int: 1} IN ['str', 1, 1.0, true, null, {...
                                       ^
RETURN null IN ['str', 1, 1.0, true, null];
ERROR:  syntax error at or near "["
LINE 1: RETURN null IN ['str', 1, 1.0, true, null];
                       ^
RETURN null IN ['str', 1, 1.0, true];
ERROR:  syntax error at or near "["
LINE 1: RETURN null IN ['str', 1, 1.0, true];
                       ^
RETURN 'str' IN null ;
ERROR:  syntax error at or near "null"
LINE 1: RETURN 'str' IN null ;
                        ^
RETURN 0 IN ['str', 1, 1.0, true, null];
ERROR:  syntax error at or near "["
LINE 1: RETURN 0 IN ['str', 1, 1.0, true, null];
                    ^
RETURN 1.1 IN ['str', 1, 1.0, true, null];
ERROR:  syntax error at or near "["
LINE 1: RETURN 1.1 IN ['str', 1, 1.0, true, null];
                      ^
RETURN 'Str' IN ['str', 1, 1.0, true, null];
ERROR:  syntax error at or near "["
LINE 1: RETURN 'Str' IN ['str', 1, 1.0, true, null];
                        ^
RETURN [1,3,5,[2,4,5]] IN ['str', 1, 1.0, true, null, [1,3,5,[2,4,6]]];
ERROR:  syntax error at or near "["
LINE 1: RETURN [1,3,5,[2,4,5]] IN ['str', 1, 1.0, true, null, [1,3,5...
                                  ^
RETURN {bool: true, int: 2} IN ['str', 1, 1.0, true, null, {bool: true, int: 1}, [1,3,5,[2,4,6]]];
ERROR:  syntax error at or near "["
LINE 1: RETURN {bool: true, int: 2} IN ['str', 1, 1.0, true, null, {...
                                       ^
RETURN null IN 'str' ;
ERROR:  syntax error at or near ";"
LINE 1: RETURN null IN 'str' ;
                       ^
RETURN 'str' IN 'str' ;
ERROR:  syntax error at or near ";"
LINE 1: RETURN 'str' IN 'str' ;
                        ^
-- TODO ALL, ANY/SOME, NONE
-- list access
RETURN [0, 1, 2, 3, 4, 5, 6, 7, 8, 9, 10][0];
ERROR:  syntax error at or near "["
LINE 1: RETURN [0, 1, 2, 3, 4, 5, 6, 7, 8, 9, 10][0];
                                                 ^
RETURN [0, 1, 2, 3, 4, 5, 6, 7, 8, 9, 10][5];
ERROR:  syntax error at or near "["
LINE 1: RETURN [0, 1, 2, 3, 4, 5, 6, 7, 8, 9, 10][5];
                                                 ^
RETURN [0, 1, 2, 3, 4, 5, 6, 7, 8, 9, 10][10];
ERROR:  syntax error at or near "["
LINE 1: RETURN [0, 1, 2, 3, 4, 5, 6, 7, 8, 9, 10][10];
                                                 ^
RETURN [0, 1, 2, 3, 4, 5, 6, 7, 8, 9, 10][-1];
ERROR:  syntax error at or near "["
LINE 1: RETURN [0, 1, 2, 3, 4, 5, 6, 7, 8, 9, 10][-1];
                                                 ^
RETURN [0, 1, 2, 3, 4, 5, 6, 7, 8, 9, 10][-3];
ERROR:  syntax error at or near "["
LINE 1: RETURN [0, 1, 2, 3, 4, 5, 6, 7, 8, 9, 10][-3];
                                                 ^
-- should return null
RETURN [0, 1, 2, 3, 4, 5, 6, 7, 8, 9, 10][11];
ERROR:  syntax error at or near "["
LINE 1: RETURN [0, 1, 2, 3, 4, 5, 6, 7, 8, 9, 10][11];
                                                 ^
-- list slice
RETURN [0, 1, 2, 3, 4, 5, 6, 7, 8, 9, 10][0..];
ERROR:  syntax error at or near "["
LINE 1: RETURN [0, 1, 2, 3, 4, 5, 6, 7, 8, 9, 10][0..];
                                                 ^
RETURN [0, 1, 2, 3, 4, 5, 6, 7, 8, 9, 10][..11];
ERROR:  syntax error at or near "["
LINE 1: RETURN [0, 1, 2, 3, 4, 5, 6, 7, 8, 9, 10][..11];
                                                 ^
RETURN [0, 1, 2, 3, 4, 5, 6, 7, 8, 9, 10][0..0];
ERROR:  syntax error at or near "["
LINE 1: RETURN [0, 1, 2, 3, 4, 5, 6, 7, 8, 9, 10][0..0];
                                                 ^
RETURN [0, 1, 2, 3, 4, 5, 6, 7, 8, 9, 10][10..10];
ERROR:  syntax error at or near "["
LINE 1: RETURN [0, 1, 2, 3, 4, 5, 6, 7, 8, 9, 10][10..10];
                                                 ^
RETURN [0, 1, 2, 3, 4, 5, 6, 7, 8, 9, 10][0..1];
ERROR:  syntax error at or near "["
LINE 1: RETURN [0, 1, 2, 3, 4, 5, 6, 7, 8, 9, 10][0..1];
                                                 ^
RETURN [0, 1, 2, 3, 4, 5, 6, 7, 8, 9, 10][9..10];
ERROR:  syntax error at or near "["
LINE 1: RETURN [0, 1, 2, 3, 4, 5, 6, 7, 8, 9, 10][9..10];
                                                 ^
RETURN [0, 1, 2, 3, 4, 5, 6, 7, 8, 9, 10][-1..];
ERROR:  syntax error at or near "["
LINE 1: RETURN [0, 1, 2, 3, 4, 5, 6, 7, 8, 9, 10][-1..];
                                                 ^
RETURN [0, 1, 2, 3, 4, 5, 6, 7, 8, 9, 10][-1..11];
ERROR:  syntax error at or near "["
LINE 1: RETURN [0, 1, 2, 3, 4, 5, 6, 7, 8, 9, 10][-1..11];
                                                 ^
RETURN [0, 1, 2, 3, 4, 5, 6, 7, 8, 9, 10][-3..11];
ERROR:  syntax error at or near "["
LINE 1: RETURN [0, 1, 2, 3, 4, 5, 6, 7, 8, 9, 10][-3..11];
                                                 ^
RETURN [0, 1, 2, 3, 4, 5, 6, 7, 8, 9, 10][-1..10];
ERROR:  syntax error at or near "["
LINE 1: RETURN [0, 1, 2, 3, 4, 5, 6, 7, 8, 9, 10][-1..10];
                                                 ^
RETURN 0[0..1];
ERROR:  syntax error at or near "["
LINE 1: RETURN 0[0..1];
                ^
RETURN 0[[0]..[1]];
ERROR:  syntax error at or near "["
LINE 1: RETURN 0[[0]..[1]];
                ^
RETURN [0][0..-2147483649];
ERROR:  syntax error at or near "["
LINE 1: RETURN [0][0..-2147483649];
                  ^
-- access and slice operators nested
CYPHER WITH [0, 1, [2, 3, 4], 5, [6, 7, 8], 9] as l RETURN l[0] ;
 l 
---
 0
(1 row)

CYPHER WITH [0, 1, [2, 3, 4], 5, [6, 7, 8], 9] as l RETURN l[2] ;
     l     
-----------
 [2, 3, 4]
(1 row)

CYPHER WITH [0, 1, [2, 3, 4], 5, [6, 7, 8], 9] as l RETURN l[-1] ;
 l 
---
 9
(1 row)

CYPHER WITH [0, 1, [2, 3, 4], 5, [6, 7, 8], 9] as l RETURN l[2][-2] ;
 l 
---
 3
(1 row)

CYPHER WITH [0, 1, [2, 3, 4], 5, [6, 7, 8], 9] as l RETURN l[2][-2..] ;
   l    
--------
 [3, 4]
(1 row)

CYPHER WITH [0, 1, [2, 3, 4], 5, [6, 7, 8], 9] as l RETURN l[-2..] ;
       l        
----------------
 [[6, 7, 8], 9]
(1 row)

CYPHER WITH [0, 1, [2, 3, 4], 5, [6, 7, 8], 9] as l RETURN l[-2..][-1..][-1..] ;
  l  
-----
 [9]
(1 row)

CYPHER WITH [0, 1, [2, 3, 4], 5, [6, 7, 8], 9] as l RETURN l[-2..][-1..][0] ;
 l 
---
 9
(1 row)

CYPHER WITH [0, 1, [2, 3, 4], 5, [6, 7, 8], 9] as l RETURN l[-2..][-1..][-1] ;
 l 
---
 9
(1 row)

CYPHER WITH [0, 1, [2, 3, 4], 5, [6, 7, 8], 9] as l RETURN l[-2..][-2..-1] ;
      l      
-------------
 [[6, 7, 8]]
(1 row)

CYPHER WITH [0, 1, [2, 3, 4], 5, [6, 7, 8], 9] as l RETURN l[-4..-2] ;
       l        
----------------
 [[2, 3, 4], 5]
(1 row)

CYPHER WITH [0, 1, [2, 3, 4], 5, [6, 7, 8], 9] as l RETURN l[-4..-2][-2] ;
     l     
-----------
 [2, 3, 4]
(1 row)

CYPHER WITH [0, 1, [2, 3, 4], 5, [6, 7, 8], 9] as l RETURN l[-4..-2][0] ;
     l     
-----------
 [2, 3, 4]
(1 row)

CYPHER WITH [0, 1, [2, 3, 4], 5, [6, 7, 8], 9] as l RETURN l[-4..-2][-2][-2..] ;
   l    
--------
 [3, 4]
(1 row)

CYPHER WITH [0, 1, [2, 3, 4], 5, [6, 7, 8], 9] as l RETURN l[-4..-2][-2][-2..][0] ;
 l 
---
 3
(1 row)

-- empty list
CYPHER WITH [0, 1, [2, 3, 4], 5, [6, 7, 8], 9] as l RETURN l[-2..][-1..][-2..-2] ;
 l  
----
 []
(1 row)

-- should return null
CYPHER WITH [0, 1, [2, 3, 4], 5, [6, 7, 8], 9] as l RETURN l[2][3] ;
 l 
---
 
(1 row)

CYPHER WITH [0, 1, [2, 3, 4], 5, [6, 7, 8], 9] as l RETURN l[-2..][-1..][-2] ;
 l 
---
 
(1 row)

-- size() of a string
 RETURN size('12345') ;
 size 
------
 5
(1 row)

 RETURN size("1234567890") ;
ERROR:  could not find rte for 1234567890
LINE 1: RETURN size("1234567890") ;
                    ^
-- size() of an array
 RETURN size([1, 2, 3, 4, 5]) ;
ERROR:  syntax error at or near "["
LINE 1: RETURN size([1, 2, 3, 4, 5]) ;
                    ^
 RETURN size([]) ;
ERROR:  syntax error at or near "["
LINE 1: RETURN size([]) ;
                    ^
 RETURN size(null) ;
 size 
------
 
(1 row)

-- head
 RETURN head([1, 2, 3, 4, 5]) ;
ERROR:  syntax error at or near "["
LINE 1: RETURN head([1, 2, 3, 4, 5]) ;
                    ^
 RETURN head([1]) ;
ERROR:  syntax error at or near "["
LINE 1: RETURN head([1]) ;
                    ^
 RETURN head([]) ;
ERROR:  syntax error at or near "["
LINE 1: RETURN head([]) ;
                    ^
 RETURN head(null) ;
 head 
------
 
(1 row)

-- last
 RETURN last([1, 2, 3, 4, 5]) ;
ERROR:  syntax error at or near "["
LINE 1: RETURN last([1, 2, 3, 4, 5]) ;
                    ^
 RETURN last([1]) ;
ERROR:  syntax error at or near "["
LINE 1: RETURN last([1]) ;
                    ^
 RETURN last([]) ;
ERROR:  syntax error at or near "["
LINE 1: RETURN last([]) ;
                    ^
 RETURN last(null) ;
 last 
------
 
(1 row)

-- range()
RETURN range(0, 10);
               range                
------------------------------------
 [0, 1, 2, 3, 4, 5, 6, 7, 8, 9, 10]
(1 row)

RETURN range(0, 10, 1);
               range                
------------------------------------
 [0, 1, 2, 3, 4, 5, 6, 7, 8, 9, 10]
(1 row)

RETURN range(0, -10, -3);
      range      
-----------------
 [0, -3, -6, -9]
(1 row)

RETURN range(0, 10, 11);
 range 
-------
 [0]
(1 row)

RETURN range(-20, 10, 5);
             range             
-------------------------------
 [-20, -15, -10, -5, 0, 5, 10]
(1 row)

RETURN range(0, 10, -1);
 range 
-------
 []
(1 row)

RETURN range(null, -10, -3);
 range 
-------
 
(1 row)

RETURN range(0, null, -3);
 range 
-------
 
(1 row)

RETURN range(0, -10.0, -3.0);
      range      
-----------------
 [0, -3, -6, -9]
(1 row)

--
-- Cleanup
--
DROP GRAPH lists CASCADE;
NOTICE:  drop cascades to 2 other objects
DETAIL:  drop cascades to table lists._ag_label_vertex
drop cascades to table lists._ag_label_edge
NOTICE:  graph "lists" has been dropped
 drop_graph 
------------
 
(1 row)

--
-- End of tests
--
