/*
 * Copyright (C) 2023-2024 PostGraphDB
 *
 * This program is free software: you can redistribute it and/or modify
 * it under the terms of the GNU Affero General Public License as
 * published by the Free Software Foundation, either version 3 of the
 * License, or (at your option) any later version.
 *
 * This program is distributed in the hope that it will be useful,
 * but WITHOUT ANY WARRANTY; without even the implied warranty of
 * MERCHANTABILITY or FITNESS FOR A PARTICULAR PURPOSE.  See the
 * GNU Affero General Public License for more details.
 *
 * You should have received a copy of the GNU Affero General Public License
 * along with this program.  If not, see <https://www.gnu.org/licenses/>.
 *
 * Portions Copyright (c) 2020-2023, Apache Software Foundation
 * Portions Copyright (c) 2019-2020, Bitnine Global
 */ 
LOAD 'postgraph';
CREATE GRAPH order_by;
NOTICE:  graph "order_by" has been created
 create_graph 
--------------
 
(1 row)

USE GRAPH order_by;
 use_graph 
-----------
 
(1 row)

CREATE ();
--
(0 rows)

CREATE ({i: '1', j: 1});
--
(0 rows)

CREATE ({i: 1});
--
(0 rows)

CREATE ({i: 1.0});
--
(0 rows)

CREATE ({i: 1::numeric});
--
(0 rows)

CREATE ({i: true});
--
(0 rows)

CREATE ({i: false});
--
(0 rows)

CREATE ({i: {key: 'value'}});
--
(0 rows)

CREATE ({i: [1]});
--
(0 rows)

MATCH (u) RETURN u.i ORDER BY u.i;
ERROR:  syntax error at or near "ORDER"
LINE 1: MATCH (u) RETURN u.i ORDER BY u.i;
                             ^
MATCH (u) RETURN u.i ORDER BY u.i DESC;
ERROR:  syntax error at or near "ORDER"
LINE 1: MATCH (u) RETURN u.i ORDER BY u.i DESC;
                             ^
MATCH (u) RETURN u.i ORDER BY u.i ASC;
ERROR:  syntax error at or near "ORDER"
LINE 1: MATCH (u) RETURN u.i ORDER BY u.i ASC;
                             ^
MATCH (x) RETURN x.j ORDER BY x.j NULLS FIRST;
ERROR:  syntax error at or near "ORDER"
LINE 1: MATCH (x) RETURN x.j ORDER BY x.j NULLS FIRST;
                             ^
MATCH (x) RETURN x.j ORDER BY x.j NULLS LAST;
ERROR:  syntax error at or near "ORDER"
LINE 1: MATCH (x) RETURN x.j ORDER BY x.j NULLS LAST;
                             ^
MATCH (x) RETURN x.i ORDER BY x.i USING <;
ERROR:  syntax error at or near "ORDER"
LINE 1: MATCH (x) RETURN x.i ORDER BY x.i USING <;
                             ^
DROP GRAPH order_by CASCADE;
NOTICE:  drop cascades to 2 other objects
DETAIL:  drop cascades to table order_by._ag_label_vertex
drop cascades to table order_by._ag_label_edge
NOTICE:  graph "order_by" has been dropped
 drop_graph 
------------
 
(1 row)

