/*
 * Copyright (C) 2023 PostGraphDB
 *
 * This program is free software: you can redistribute it and/or modify
 * it under the terms of the GNU Affero General Public License as
 * published by the Free Software Foundation, either version 3 of the
 * License, or (at your option) any later version.
 *
 * This program is distributed in the hope that it will be useful,
 * but WITHOUT ANY WARRANTY; without even the implied warranty of
 * MERCHANTABILITY or FITNESS FOR A PARTICULAR PURPOSE.  See the
 * GNU Affero General Public License for more details.
 *
 * You should have received a copy of the GNU Affero General Public License
 * along with this program.  If not, see <https://www.gnu.org/licenses/>.
 *
 */
LOAD 'postgraph';
SET search_path TO postgraph;
SELECT create_graph('variable_edge');
NOTICE:  graph "variable_edge" has been created
 create_graph 
--------------
 
(1 row)

SELECT create_vlabel('variable_edge', 'vlabel');
NOTICE:  VLabel "vlabel" has been created
 create_vlabel 
---------------
 
(1 row)

SELECT create_elabel('variable_edge', 'elabel');
NOTICE:  ELabel "elabel" has been created
 create_elabel 
---------------
 
(1 row)

--Basic Route Creation
SELECT build_variable_edge(
	build_edge(_graphid(4, 1), '2'::graphid, '3'::graphid, graphid, gtype_build_map())
)
FROM ag_graph;
                                     build_variable_edge                                     
---------------------------------------------------------------------------------------------
 [{"id": 1125899906842625, "start_id": 2, "end_id": 3, "label": "elabel", "properties": {}}]
(1 row)

SELECT build_variable_edge(
        build_edge(_graphid(4, 1), '2'::graphid, '3'::graphid, graphid, gtype_build_map()),
        build_vertex(_graphid(3, 3), graphid, gtype_build_map('id', '2')),
        build_edge(_graphid(4, 4), '3'::graphid, '5'::graphid, graphid, gtype_build_map('id', 3))
)
FROM ag_graph;
                                                                                                                         build_variable_edge                                                                                                                          
----------------------------------------------------------------------------------------------------------------------------------------------------------------------------------------------------------------------------------------------------------------------
 [{"id": 1125899906842625, "start_id": 2, "end_id": 3, "label": "elabel", "properties": {}}, {"id": 844424930131971, "label": "vlabel", "properties": {"id": "2"}}, {"id": 1125899906842628, "start_id": 3, "end_id": 5, "label": "elabel", "properties": {"id": 3}}]
(1 row)

SELECT build_variable_edge(
        build_edge(_graphid(4, 1), '2'::graphid, '3'::graphid, graphid, gtype_build_map()),
        build_vertex(_graphid(3, 3), graphid, gtype_build_map()),
	build_edge(_graphid(4, 4), '3'::graphid, '5'::graphid, graphid, gtype_build_map())
)
FROM ag_graph;
                                                                                                                 build_variable_edge                                                                                                                  
------------------------------------------------------------------------------------------------------------------------------------------------------------------------------------------------------------------------------------------------------
 [{"id": 1125899906842625, "start_id": 2, "end_id": 3, "label": "elabel", "properties": {}}, {"id": 844424930131971, "label": "vlabel", "properties": {}}, {"id": 1125899906842628, "start_id": 3, "end_id": 5, "label": "elabel", "properties": {}}]
(1 row)

SELECT build_variable_edge(
        build_edge(_graphid(4, 1), '2'::graphid, '3'::graphid, graphid, gtype_build_map()),
        build_vertex(_graphid(3, 5), graphid, gtype_build_map())
)
FROM ag_graph;
ERROR:  VariableEdges must end with an edge
SELECT build_variable_edge(
        build_edge(_graphid(4, 1), '2'::graphid, '3'::graphid, graphid, gtype_build_map()),
        build_edge(_graphid(4, 4), '3'::graphid, '5'::graphid, graphid, gtype_build_map())
)
FROM ag_graph;
ERROR:  arguement 1 build_traversal() must be a vertex
SELECT build_traversal(
        build_edge(_graphid(4, 1), '2'::graphid, '3'::graphid, graphid, gtype_build_map()),
        build_vertex(_graphid(3, 3), graphid, gtype_build_map()),
        NULL
)
FROM ag_graph;
 build_traversal 
-----------------
 
(1 row)

--
-- Equals Operator
--
SELECT build_variable_edge(
        build_edge(_graphid(4, 1), '2'::graphid, '3'::graphid, graphid, gtype_build_map()),
        build_vertex(_graphid(3, 3), graphid, gtype_build_map('id', '2')),
        build_edge(_graphid(4, 4), '3'::graphid, '5'::graphid, graphid, gtype_build_map('id', 3))
) = 
build_variable_edge(
        build_edge(_graphid(4, 1), '2'::graphid, '3'::graphid, graphid, gtype_build_map()),
        build_vertex(_graphid(3, 3), graphid, gtype_build_map('id', '2')),
        build_edge(_graphid(4, 4), '3'::graphid, '5'::graphid, graphid, gtype_build_map('id', 3))
)
FROM ag_graph;
 ?column? 
----------
 t
(1 row)

SELECT build_variable_edge(
        build_edge(_graphid(4, 1), '2'::graphid, '3'::graphid, graphid, gtype_build_map())
) =
build_variable_edge(
        build_edge(_graphid(4, 1), '2'::graphid, '3'::graphid, graphid, gtype_build_map()),
        build_vertex(_graphid(3, 3), graphid, gtype_build_map('id', '2')),
        build_edge(_graphid(4, 4), '3'::graphid, '5'::graphid, graphid, gtype_build_map('id', 3))
)
FROM ag_graph;
 ?column? 
----------
 f
(1 row)

SELECT build_variable_edge(
        build_edge(_graphid(4, 2765), '2'::graphid, '3'::graphid, graphid, gtype_build_map()),
        build_vertex(_graphid(3, 3), graphid, gtype_build_map('id', '2')),
        build_edge(_graphid(4, 4), '3'::graphid, '5'::graphid, graphid, gtype_build_map('id', 3))
) =
build_variable_edge(
        build_edge(_graphid(4, 1), '2'::graphid, '3'::graphid, graphid, gtype_build_map()),
        build_vertex(_graphid(3, 3), graphid, gtype_build_map('id', '2')),
        build_edge(_graphid(4, 4), '3'::graphid, '5'::graphid, graphid, gtype_build_map('id', 3))
)
FROM ag_graph;
 ?column? 
----------
 f
(1 row)

SELECT build_variable_edge(
        build_edge(_graphid(4, 1), '2'::graphid, '3'::graphid, graphid, gtype_build_map()),
        build_vertex(_graphid(3, 3), graphid, gtype_build_map('id', '2')),
        build_edge(_graphid(4, 4), '3'::graphid, '5'::graphid, graphid, gtype_build_map('id', 3))
) =
build_variable_edge(
        build_edge(_graphid(4, 1), '2'::graphid, '3'::graphid, graphid, gtype_build_map()),
        build_vertex(_graphid(3, 5), graphid, gtype_build_map('id', '2')),
        build_edge(_graphid(4, 4), '3'::graphid, '5'::graphid, graphid, gtype_build_map('id', 3))
)
FROM ag_graph;
 ?column? 
----------
 f
(1 row)

SELECT build_variable_edge(
        build_edge(_graphid(4, 1), '2'::graphid, '3'::graphid, graphid, gtype_build_map()),
        build_vertex(_graphid(3, 3), graphid, gtype_build_map('id', '2')),
        build_edge(_graphid(4, 4), '3'::graphid, '5'::graphid, graphid, gtype_build_map('id', 3))
) =
build_variable_edge(
        build_edge(_graphid(4, 1), '2'::graphid, '3'::graphid, graphid, gtype_build_map()),
        build_vertex(_graphid(3, 3), graphid, gtype_build_map('id', '2')),
        build_edge(_graphid(4, 2), '3'::graphid, '5'::graphid, graphid, gtype_build_map('id', 3))
)
FROM ag_graph;
 ?column? 
----------
 f
(1 row)

--
-- Not Equals Operator
--
SELECT build_variable_edge(
        build_edge(_graphid(4, 1), '2'::graphid, '3'::graphid, graphid, gtype_build_map()),
        build_vertex(_graphid(3, 3), graphid, gtype_build_map('id', '2')),
        build_edge(_graphid(4, 4), '3'::graphid, '5'::graphid, graphid, gtype_build_map('id', 3))
) <>
build_variable_edge(
        build_edge(_graphid(4, 1), '2'::graphid, '3'::graphid, graphid, gtype_build_map()),
        build_vertex(_graphid(3, 3), graphid, gtype_build_map('id', '2')),
        build_edge(_graphid(4, 4), '3'::graphid, '5'::graphid, graphid, gtype_build_map('id', 3))
)
FROM ag_graph;
 ?column? 
----------
 f
(1 row)

SELECT build_variable_edge(
        build_edge(_graphid(4, 1), '2'::graphid, '3'::graphid, graphid, gtype_build_map())
) <>
build_variable_edge(
        build_edge(_graphid(4, 1), '2'::graphid, '3'::graphid, graphid, gtype_build_map()),
        build_vertex(_graphid(3, 3), graphid, gtype_build_map('id', '2')),
        build_edge(_graphid(4, 4), '3'::graphid, '5'::graphid, graphid, gtype_build_map('id', 3))
)
FROM ag_graph;
 ?column? 
----------
 t
(1 row)

SELECT build_variable_edge(
        build_edge(_graphid(4, 2765), '2'::graphid, '3'::graphid, graphid, gtype_build_map()),
        build_vertex(_graphid(3, 3), graphid, gtype_build_map('id', '2')),
        build_edge(_graphid(4, 4), '3'::graphid, '5'::graphid, graphid, gtype_build_map('id', 3))
) <>
build_variable_edge(
        build_edge(_graphid(4, 1), '2'::graphid, '3'::graphid, graphid, gtype_build_map()),
        build_vertex(_graphid(3, 3), graphid, gtype_build_map('id', '2')),
        build_edge(_graphid(4, 4), '3'::graphid, '5'::graphid, graphid, gtype_build_map('id', 3))
)
FROM ag_graph;
 ?column? 
----------
 t
(1 row)

SELECT build_variable_edge(
        build_edge(_graphid(4, 1), '2'::graphid, '3'::graphid, graphid, gtype_build_map()),
        build_vertex(_graphid(3, 3), graphid, gtype_build_map('id', '2')),
        build_edge(_graphid(4, 4), '3'::graphid, '5'::graphid, graphid, gtype_build_map('id', 3))
) <>
build_variable_edge(
        build_edge(_graphid(4, 1), '2'::graphid, '3'::graphid, graphid, gtype_build_map()),
        build_vertex(_graphid(3, 5), graphid, gtype_build_map('id', '2')),
        build_edge(_graphid(4, 4), '3'::graphid, '5'::graphid, graphid, gtype_build_map('id', 3))
)
FROM ag_graph;
 ?column? 
----------
 t
(1 row)

SELECT build_variable_edge(
        build_edge(_graphid(4, 1), '2'::graphid, '3'::graphid, graphid, gtype_build_map()),
        build_vertex(_graphid(3, 3), graphid, gtype_build_map('id', '2')),
        build_edge(_graphid(4, 4), '3'::graphid, '5'::graphid, graphid, gtype_build_map('id', 3))
) <>
build_variable_edge(
        build_edge(_graphid(4, 1), '2'::graphid, '3'::graphid, graphid, gtype_build_map()),
        build_vertex(_graphid(3, 3), graphid, gtype_build_map('id', '2')),
        build_edge(_graphid(4, 2), '3'::graphid, '5'::graphid, graphid, gtype_build_map('id', 3))
)
FROM ag_graph;
 ?column? 
----------
 t
(1 row)

--
-- Greater Than Operator
--
SELECT build_variable_edge(
        build_edge(_graphid(4, 1), '2'::graphid, '3'::graphid, graphid, gtype_build_map()),
        build_vertex(_graphid(3, 3), graphid, gtype_build_map('id', '2')),
        build_edge(_graphid(4, 4), '3'::graphid, '5'::graphid, graphid, gtype_build_map('id', 3))
) >
build_variable_edge(
        build_edge(_graphid(4, 1), '2'::graphid, '3'::graphid, graphid, gtype_build_map()),
        build_vertex(_graphid(3, 3), graphid, gtype_build_map('id', '2')),
        build_edge(_graphid(4, 4), '3'::graphid, '5'::graphid, graphid, gtype_build_map('id', 3))
)
FROM ag_graph;
 ?column? 
----------
 f
(1 row)

SELECT build_variable_edge(
        build_edge(_graphid(4, 1), '2'::graphid, '3'::graphid, graphid, gtype_build_map())
) >
build_variable_edge(
        build_edge(_graphid(4, 1), '2'::graphid, '3'::graphid, graphid, gtype_build_map()),
        build_vertex(_graphid(3, 3), graphid, gtype_build_map('id', '2')),
        build_edge(_graphid(4, 4), '3'::graphid, '5'::graphid, graphid, gtype_build_map('id', 3))
)
FROM ag_graph;
 ?column? 
----------
 f
(1 row)

SELECT build_variable_edge(
        build_edge(_graphid(4, 2765), '2'::graphid, '3'::graphid, graphid, gtype_build_map()),
        build_vertex(_graphid(3, 3), graphid, gtype_build_map('id', '2')),
        build_edge(_graphid(4, 4), '3'::graphid, '5'::graphid, graphid, gtype_build_map('id', 3))
) >
build_variable_edge(
        build_edge(_graphid(4, 1), '2'::graphid, '3'::graphid, graphid, gtype_build_map()),
        build_vertex(_graphid(3, 3), graphid, gtype_build_map('id', '2')),
        build_edge(_graphid(4, 4), '3'::graphid, '5'::graphid, graphid, gtype_build_map('id', 3))
)
FROM ag_graph;
 ?column? 
----------
 t
(1 row)

SELECT build_variable_edge(
        build_edge(_graphid(4, 1), '2'::graphid, '3'::graphid, graphid, gtype_build_map()),
        build_vertex(_graphid(3, 3), graphid, gtype_build_map('id', '2')),
        build_edge(_graphid(4, 4), '3'::graphid, '5'::graphid, graphid, gtype_build_map('id', 3))
) >
build_variable_edge(
        build_edge(_graphid(4, 1), '2'::graphid, '3'::graphid, graphid, gtype_build_map()),
        build_vertex(_graphid(3, 5), graphid, gtype_build_map('id', '2')),
        build_edge(_graphid(4, 4), '3'::graphid, '5'::graphid, graphid, gtype_build_map('id', 3))
)
FROM ag_graph;
 ?column? 
----------
 f
(1 row)

SELECT build_variable_edge(
        build_edge(_graphid(4, 1), '2'::graphid, '3'::graphid, graphid, gtype_build_map()),
        build_vertex(_graphid(3, 3), graphid, gtype_build_map('id', '2')),
        build_edge(_graphid(4, 4), '3'::graphid, '5'::graphid, graphid, gtype_build_map('id', 3))
) >
build_variable_edge(
        build_edge(_graphid(4, 1), '2'::graphid, '3'::graphid, graphid, gtype_build_map()),
        build_vertex(_graphid(3, 3), graphid, gtype_build_map('id', '2')),
        build_edge(_graphid(4, 2), '3'::graphid, '5'::graphid, graphid, gtype_build_map('id', 3))
)
FROM ag_graph;
 ?column? 
----------
 t
(1 row)

--
-- Greater Than Or Equal To Operator
--
SELECT build_variable_edge(
        build_edge(_graphid(4, 1), '2'::graphid, '3'::graphid, graphid, gtype_build_map()),
        build_vertex(_graphid(3, 3), graphid, gtype_build_map('id', '2')),
        build_edge(_graphid(4, 4), '3'::graphid, '5'::graphid, graphid, gtype_build_map('id', 3))
) >=
build_variable_edge(
        build_edge(_graphid(4, 1), '2'::graphid, '3'::graphid, graphid, gtype_build_map()),
        build_vertex(_graphid(3, 3), graphid, gtype_build_map('id', '2')),
        build_edge(_graphid(4, 4), '3'::graphid, '5'::graphid, graphid, gtype_build_map('id', 3))
)
FROM ag_graph;
 ?column? 
----------
 t
(1 row)

SELECT build_variable_edge(
        build_edge(_graphid(4, 1), '2'::graphid, '3'::graphid, graphid, gtype_build_map())
) >=
build_variable_edge(
        build_edge(_graphid(4, 1), '2'::graphid, '3'::graphid, graphid, gtype_build_map()),
        build_vertex(_graphid(3, 3), graphid, gtype_build_map('id', '2')),
        build_edge(_graphid(4, 4), '3'::graphid, '5'::graphid, graphid, gtype_build_map('id', 3))
)
FROM ag_graph;
 ?column? 
----------
 f
(1 row)

SELECT build_variable_edge(
        build_edge(_graphid(4, 2765), '2'::graphid, '3'::graphid, graphid, gtype_build_map()),
        build_vertex(_graphid(3, 3), graphid, gtype_build_map('id', '2')),
        build_edge(_graphid(4, 4), '3'::graphid, '5'::graphid, graphid, gtype_build_map('id', 3))
) >=
build_variable_edge(
        build_edge(_graphid(4, 1), '2'::graphid, '3'::graphid, graphid, gtype_build_map()),
        build_vertex(_graphid(3, 3), graphid, gtype_build_map('id', '2')),
        build_edge(_graphid(4, 4), '3'::graphid, '5'::graphid, graphid, gtype_build_map('id', 3))
)
FROM ag_graph;
 ?column? 
----------
 t
(1 row)

SELECT build_variable_edge(
        build_edge(_graphid(4, 1), '2'::graphid, '3'::graphid, graphid, gtype_build_map()),
        build_vertex(_graphid(3, 3), graphid, gtype_build_map('id', '2')),
        build_edge(_graphid(4, 4), '3'::graphid, '5'::graphid, graphid, gtype_build_map('id', 3))
) >=
build_variable_edge(
        build_edge(_graphid(4, 1), '2'::graphid, '3'::graphid, graphid, gtype_build_map()),
        build_vertex(_graphid(3, 5), graphid, gtype_build_map('id', '2')),
        build_edge(_graphid(4, 4), '3'::graphid, '5'::graphid, graphid, gtype_build_map('id', 3))
)
FROM ag_graph;
 ?column? 
----------
 f
(1 row)

SELECT build_variable_edge(
        build_edge(_graphid(4, 1), '2'::graphid, '3'::graphid, graphid, gtype_build_map()),
        build_vertex(_graphid(3, 3), graphid, gtype_build_map('id', '2')),
        build_edge(_graphid(4, 4), '3'::graphid, '5'::graphid, graphid, gtype_build_map('id', 3))
) >=
build_variable_edge(
        build_edge(_graphid(4, 1), '2'::graphid, '3'::graphid, graphid, gtype_build_map()),
        build_vertex(_graphid(3, 3), graphid, gtype_build_map('id', '2')),
        build_edge(_graphid(4, 2), '3'::graphid, '5'::graphid, graphid, gtype_build_map('id', 3))
)
FROM ag_graph;
 ?column? 
----------
 t
(1 row)

--
-- Less Than Operator
--
SELECT build_variable_edge(
        build_edge(_graphid(4, 1), '2'::graphid, '3'::graphid, graphid, gtype_build_map()),
        build_vertex(_graphid(3, 3), graphid, gtype_build_map('id', '2')),
        build_edge(_graphid(4, 4), '3'::graphid, '5'::graphid, graphid, gtype_build_map('id', 3))
) <
build_variable_edge(
        build_edge(_graphid(4, 1), '2'::graphid, '3'::graphid, graphid, gtype_build_map()),
        build_vertex(_graphid(3, 3), graphid, gtype_build_map('id', '2')),
        build_edge(_graphid(4, 4), '3'::graphid, '5'::graphid, graphid, gtype_build_map('id', 3))
)
FROM ag_graph;
 ?column? 
----------
 f
(1 row)

SELECT build_variable_edge(
        build_edge(_graphid(4, 1), '2'::graphid, '3'::graphid, graphid, gtype_build_map())
) <
build_variable_edge(
        build_edge(_graphid(4, 1), '2'::graphid, '3'::graphid, graphid, gtype_build_map()),
        build_vertex(_graphid(3, 3), graphid, gtype_build_map('id', '2')),
        build_edge(_graphid(4, 4), '3'::graphid, '5'::graphid, graphid, gtype_build_map('id', 3))
)
FROM ag_graph;
 ?column? 
----------
 t
(1 row)

SELECT build_variable_edge(
        build_edge(_graphid(4, 2765), '2'::graphid, '3'::graphid, graphid, gtype_build_map()),
        build_vertex(_graphid(3, 3), graphid, gtype_build_map('id', '2')),
        build_edge(_graphid(4, 4), '3'::graphid, '5'::graphid, graphid, gtype_build_map('id', 3))
) <
build_variable_edge(
        build_edge(_graphid(4, 1), '2'::graphid, '3'::graphid, graphid, gtype_build_map()),
        build_vertex(_graphid(3, 3), graphid, gtype_build_map('id', '2')),
        build_edge(_graphid(4, 4), '3'::graphid, '5'::graphid, graphid, gtype_build_map('id', 3))
)
FROM ag_graph;
 ?column? 
----------
 f
(1 row)

SELECT build_variable_edge(
        build_edge(_graphid(4, 1), '2'::graphid, '3'::graphid, graphid, gtype_build_map()),
        build_vertex(_graphid(3, 3), graphid, gtype_build_map('id', '2')),
        build_edge(_graphid(4, 4), '3'::graphid, '5'::graphid, graphid, gtype_build_map('id', 3))
) <
build_variable_edge(
        build_edge(_graphid(4, 1), '2'::graphid, '3'::graphid, graphid, gtype_build_map()),
        build_vertex(_graphid(3, 5), graphid, gtype_build_map('id', '2')),
        build_edge(_graphid(4, 4), '3'::graphid, '5'::graphid, graphid, gtype_build_map('id', 3))
)
FROM ag_graph;
 ?column? 
----------
 t
(1 row)

SELECT build_variable_edge(
        build_edge(_graphid(4, 1), '2'::graphid, '3'::graphid, graphid, gtype_build_map()),
        build_vertex(_graphid(3, 3), graphid, gtype_build_map('id', '2')),
        build_edge(_graphid(4, 4), '3'::graphid, '5'::graphid, graphid, gtype_build_map('id', 3))
) <
build_variable_edge(
        build_edge(_graphid(4, 1), '2'::graphid, '3'::graphid, graphid, gtype_build_map()),
        build_vertex(_graphid(3, 3), graphid, gtype_build_map('id', '2')),
        build_edge(_graphid(4, 2), '3'::graphid, '5'::graphid, graphid, gtype_build_map('id', 3))
)
FROM ag_graph;
 ?column? 
----------
 f
(1 row)

--
-- Less Than Or Equal To Operator
--
SELECT build_variable_edge(
        build_edge(_graphid(4, 1), '2'::graphid, '3'::graphid, graphid, gtype_build_map()),
        build_vertex(_graphid(3, 3), graphid, gtype_build_map('id', '2')),
        build_edge(_graphid(4, 4), '3'::graphid, '5'::graphid, graphid, gtype_build_map('id', 3))
) <=
build_variable_edge(
        build_edge(_graphid(4, 1), '2'::graphid, '3'::graphid, graphid, gtype_build_map()),
        build_vertex(_graphid(3, 3), graphid, gtype_build_map('id', '2')),
        build_edge(_graphid(4, 4), '3'::graphid, '5'::graphid, graphid, gtype_build_map('id', 3))
)
FROM ag_graph;
 ?column? 
----------
 t
(1 row)

SELECT build_variable_edge(
        build_edge(_graphid(4, 1), '2'::graphid, '3'::graphid, graphid, gtype_build_map())
) <=
build_variable_edge(
        build_edge(_graphid(4, 1), '2'::graphid, '3'::graphid, graphid, gtype_build_map()),
        build_vertex(_graphid(3, 3), graphid, gtype_build_map('id', '2')),
        build_edge(_graphid(4, 4), '3'::graphid, '5'::graphid, graphid, gtype_build_map('id', 3))
)
FROM ag_graph;
 ?column? 
----------
 t
(1 row)

SELECT build_variable_edge(
        build_edge(_graphid(4, 2765), '2'::graphid, '3'::graphid, graphid, gtype_build_map()),
        build_vertex(_graphid(3, 3), graphid, gtype_build_map('id', '2')),
        build_edge(_graphid(4, 4), '3'::graphid, '5'::graphid, graphid, gtype_build_map('id', 3))
) <=
build_variable_edge(
        build_edge(_graphid(4, 1), '2'::graphid, '3'::graphid, graphid, gtype_build_map()),
        build_vertex(_graphid(3, 3), graphid, gtype_build_map('id', '2')),
        build_edge(_graphid(4, 4), '3'::graphid, '5'::graphid, graphid, gtype_build_map('id', 3))
)
FROM ag_graph;
 ?column? 
----------
 f
(1 row)

SELECT build_variable_edge(
        build_edge(_graphid(4, 1), '2'::graphid, '3'::graphid, graphid, gtype_build_map()),
        build_vertex(_graphid(3, 3), graphid, gtype_build_map('id', '2')),
        build_edge(_graphid(4, 4), '3'::graphid, '5'::graphid, graphid, gtype_build_map('id', 3))
) <=
build_variable_edge(
        build_edge(_graphid(4, 1), '2'::graphid, '3'::graphid, graphid, gtype_build_map()),
        build_vertex(_graphid(3, 5), graphid, gtype_build_map('id', '2')),
        build_edge(_graphid(4, 4), '3'::graphid, '5'::graphid, graphid, gtype_build_map('id', 3))
)
FROM ag_graph;
 ?column? 
----------
 t
(1 row)

SELECT build_variable_edge(
        build_edge(_graphid(4, 1), '2'::graphid, '3'::graphid, graphid, gtype_build_map()),
        build_vertex(_graphid(3, 3), graphid, gtype_build_map('id', '2')),
        build_edge(_graphid(4, 4), '3'::graphid, '5'::graphid, graphid, gtype_build_map('id', 3))
) <=
build_variable_edge(
        build_edge(_graphid(4, 1), '2'::graphid, '3'::graphid, graphid, gtype_build_map()),
        build_vertex(_graphid(3, 3), graphid, gtype_build_map('id', '2')),
        build_edge(_graphid(4, 2), '3'::graphid, '5'::graphid, graphid, gtype_build_map('id', 3))
)
FROM ag_graph;
 ?column? 
----------
 f
(1 row)

SELECT drop_graph('variable_edge', true);
NOTICE:  drop cascades to 4 other objects
DETAIL:  drop cascades to table variable_edge._ag_label_vertex
drop cascades to table variable_edge._ag_label_edge
drop cascades to table variable_edge.vlabel
drop cascades to table variable_edge.elabel
NOTICE:  graph "variable_edge" has been dropped
 drop_graph 
------------
 
(1 row)

